01/26/2018 22:47:41						INFO	[initSRx] Current log file: 
E:\Scripts\Infrastructure\Search\SRx\var\log\Session\SRx-20180126224741-820.log
01/26/2018 22:47:44						INFO	[initSRx] Appending the Scripts folder (E:\Scripts\Infrastructure\Search\SRx\lib\Scripts) to $ENV:Path
01/26/2018 22:47:44						INFO	[initSRx] Appending the Tools folder (E:\Scripts\Infrastructure\Search\SRx\lib\Tools) to $ENV:Path
01/26/2018 22:47:44						INFO	[initSRx] Adding the SharePoint PowerShell Snapin
01/26/2018 22:48:34						INFO	[initSRx] Checking Modules in E:\Scripts\Infrastructure\Search\SRx\Modules\Core
01/26/2018 22:48:36						INFO	 > Loading: ConvertTo-SRxFlatObject
01/26/2018 22:48:36						INFO	 > Loading: ConvertTo-SRxXML
01/26/2018 22:48:36						INFO	 > Loading: Enable-SRxCoreUtilities
01/26/2018 22:48:36						INFO	 > Loading: Enable-SRxDatabaseUtilities
01/26/2018 22:48:36						INFO	 > Loading: Enable-SRxRemoteUtilities
01/26/2018 22:48:46						INFO	 > Loading: Enable-SRxULSLogParser
01/26/2018 22:48:46						INFO	 > Loading: Enable-SRxULSUtilities
01/26/2018 22:48:46						INFO	 > Loading: New-SRxReport
01/26/2018 22:48:47						INFO	 > Loading: Test-SRx
01/26/2018 22:48:47						INFO	 > Loading: Write-SRxConsole
01/26/2018 22:48:47						INFO	[initSRx] Checking Modules in E:\Scripts\Infrastructure\Search\SRx\Modules\SP2013
01/26/2018 22:48:47						INFO	 > Loading: Get-SRxFarm
01/26/2018 22:48:47						INFO	[initSRx] Checking Modules in E:\Scripts\Infrastructure\Search\SRx\Modules\Search
01/26/2018 22:48:47						INFO	 > Loading: Enable-SRxCloudDiag
01/26/2018 22:48:48						INFO	 > Loading: Enable-SRxCrawlDiag
01/26/2018 22:48:48						INFO	 > Loading: Enable-SRxIndexDiag
01/26/2018 22:48:48						INFO	 > Loading: Enable-SRxIndexerHandles
01/26/2018 22:48:48						INFO	 > Loading: Enable-SRxQueryDiag
01/26/2018 22:48:48						INFO	 > Loading: Enable-SRxSearchFarmDiag
01/26/2018 22:48:48						INFO	 > Loading: Get-SRxSSA
01/26/2018 22:48:49						INFO	 > Loading: New-SRxSearchServerObject
01/26/2018 22:48:49						INFO	Running: 
$global:xFarm = Get-SRxFarm
01/26/2018 22:48:50						INFO	Running: 
$global:xSSA = Get-SRxSSA | Enable-SRxCrawlDiag | Enable-SRxQueryDiag | Enable-SRxIndexDiag
01/26/2018 22:48:55						INFO	[Get-SRxSSA] Extending $xSSA with core methods and properties
01/26/2018 22:50:04						INFO	[Get-SRxSSA] Extending SRx Server objects...
01/26/2018 22:50:16						INFO	[Get-SRxSSA] Extending SRx Components...
01/26/2018 22:50:26						INFO	 * [Enable-SRxCrawlDiag] Extending $xSSA...
01/26/2018 22:50:26						INFO	 * [Enable-SRxQueryDiag] Extending $xSSA...
01/26/2018 22:50:26						INFO	 * [Enable-SRxIndexDiag] Extending $xSSA...
01/26/2018 22:50:29						INFO	Search Health Reports Dashboard (SRx)
01/26/2018 22:53:21						INFO	Evaluating rule Test-AzureADSync...
01/26/2018 22:53:21						INFO	-skipped-> 
This rule only applies to a Cloud SSA
01/26/2018 22:53:22						INFO	Evaluating rule Test-AzureADUserPasswordSync...
01/26/2018 22:53:22						INFO	-skipped-> 
This rule only applies to a Cloud SSA
01/26/2018 22:53:22						INFO	Evaluating rule Test-Farm...
01/26/2018 22:53:22						INFO	Evaluating rule Test-FarmAdminSyncTimerJob...
01/26/2018 22:53:45						INFO	Evaluating rule Test-FarmCoreServiceProxies...
01/26/2018 22:53:52						INFO	Evaluating rule Test-FarmDefaultSSAProxy...
01/26/2018 22:53:55						INFO	Evaluating rule Test-FarmServiceInstances...
01/26/2018 22:53:55						INFO	 * Enabling Search Farm diagnostics on $xFarm...
01/26/2018 22:53:59						INFO	Evaluating rule Test-FarmSSAName...
01/26/2018 22:53:59						INFO	Evaluating rule Test-FarmULSLogging...
01/26/2018 22:54:01						INFO	Evaluating rule Test-MsolServicePrincipalCred...
01/26/2018 22:54:02						INFO	-skipped-> 
This rule only applies to a Cloud SSA
01/26/2018 22:54:02						INFO	Evaluating rule Test-MsolUsers...
01/26/2018 22:54:02						INFO	-skipped-> 
This rule only applies to a Cloud SSA
01/26/2018 22:54:02						INFO	Evaluating rule Test-OSPingSearchServer...
01/26/2018 22:54:07						INFO	Evaluating rule Test-OSPingSQLServer...
01/26/2018 22:54:11						INFO	Evaluating rule Test-OSPowerPlan...
01/26/2018 22:54:12						INFO	 * [Get-SRxServerSpecs (
AZUSPEWEB02
)] 
01/26/2018 22:54:12						INFO	Retrieving Server Specs...
01/26/2018 22:54:30						INFO	 * [Get-SRxSearchRegKeys (
AZUSPEWEB02
)] 
01/26/2018 22:54:31						INFO	Retrieving Search-related registry keys...
01/26/2018 22:54:32						INFO	 * [Get-SRxServerSpecs (
AZUSPESRC02
)] 
01/26/2018 22:54:32						INFO	Retrieving Server Specs...
01/26/2018 22:54:32						INFO	 * [Get-SRxSearchRegKeys (
AZUSPESRC02
)] 
01/26/2018 22:54:32						INFO	Retrieving Search-related registry keys...
01/26/2018 22:54:33						INFO	 * [Get-SRxServerSpecs (
AZUSPESRC01
)] 
01/26/2018 22:54:33						INFO	Retrieving Server Specs...
01/26/2018 22:54:34						INFO	 * [Get-SRxSearchRegKeys (
AZUSPESRC01
)] 
01/26/2018 22:54:34						INFO	Retrieving Search-related registry keys...
01/26/2018 22:54:34						INFO	 * [Get-SRxServerSpecs (
AZUSPEWEB01
)] 
01/26/2018 22:54:34						INFO	Retrieving Server Specs...
01/26/2018 22:54:37						INFO	 * [Get-SRxSearchRegKeys (
AZUSPEWEB01
)] 
01/26/2018 22:54:37						INFO	Retrieving Search-related registry keys...
01/26/2018 22:54:37						INFO	Evaluating rule Test-OSProcessRunning...
01/26/2018 22:54:49						INFO	Evaluating rule Test-OSServiceRunning...
01/26/2018 22:54:50						INFO	Evaluating rule Test-OSVolumeProperties...
01/26/2018 22:54:50						INFO	Evaluating rule Test-SRxLogSize...
01/26/2018 22:54:50						INFO	Evaluating rule Test-SSAAdminCompSync...
01/26/2018 22:54:52						INFO	Evaluating rule Test-SSAComponentState...
01/26/2018 22:54:53						INFO	Evaluating rule Test-SSAContentSourceSummary...
01/26/2018 22:54:53						INFO	 * Enabling extended Crawl diagnostics on $xSSA...
01/26/2018 22:54:55						INFO	Evaluating rule Test-SSACrawlNotStuckStarting...
01/26/2018 22:54:56						INFO	Evaluating rule Test-SSACrawlPerformanceLevel...
01/26/2018 22:54:57						INFO	Evaluating rule Test-SSADatabaseSizingLimits...
01/26/2018 22:55:01						INFO	Evaluating rule Test-SSAEndPointAdminWeb...
01/26/2018 22:55:44						INFO	Evaluating rule Test-SSAEndPointSQSS...
01/26/2018 22:55:46						INFO	Evaluating rule Test-SSAHasMultiAdminComps...
01/26/2018 22:55:46						INFO	Evaluating rule Test-SSAIndexDiskReports...
01/26/2018 22:55:46						INFO	 * Enabling extended Index diagnostics on $xSSA...
01/26/2018 22:56:10						INFO	Evaluating rule Test-SSAIndexDocumentCount...
01/26/2018 22:56:11						INFO	Evaluating rule Test-SSAIsOnline...
01/26/2018 22:56:11						INFO	Evaluating rule Test-SSANoServerIdMismatch...
01/26/2018 22:56:11						INFO	Evaluating rule Test-SSANoTopoChangeOccurring...
01/26/2018 22:56:11						INFO	Evaluating rule Test-SSANotPaused...
01/26/2018 22:56:11						INFO	Evaluating rule Test-SSASchemaProperties...
01/26/2018 22:56:12						INFO	Test(s) finished in Time: [0:2:51.51]
01/26/2018 22:59:13						INFO	Evaluating rule Test-AzureADSync...
01/26/2018 22:59:14						INFO	-skipped-> 
This rule only applies to a Cloud SSA
01/26/2018 22:59:14						INFO	Evaluating rule Test-AzureADUserPasswordSync...
01/26/2018 22:59:14						INFO	-skipped-> 
This rule only applies to a Cloud SSA
01/26/2018 22:59:14						INFO	Evaluating rule Test-Farm...
01/26/2018 22:59:14						INFO	Evaluating rule Test-FarmAdminSyncTimerJob...
01/26/2018 22:59:16						INFO	Evaluating rule Test-FarmCoreServiceProxies...
01/26/2018 22:59:16						INFO	Evaluating rule Test-FarmDefaultSSAProxy...
01/26/2018 22:59:16						INFO	Evaluating rule Test-FarmServiceInstances...
01/26/2018 22:59:16						INFO	Evaluating rule Test-FarmSSAName...
01/26/2018 22:59:17						INFO	Evaluating rule Test-FarmULSLogging...
01/26/2018 22:59:17						INFO	Evaluating rule Test-MsolServicePrincipalCred...
01/26/2018 22:59:17						INFO	-skipped-> 
This rule only applies to a Cloud SSA
01/26/2018 22:59:17						INFO	Evaluating rule Test-MsolUsers...
01/26/2018 22:59:17						INFO	-skipped-> 
This rule only applies to a Cloud SSA
01/26/2018 22:59:17						INFO	Evaluating rule Test-OSPingSearchServer...
01/26/2018 22:59:19						INFO	Evaluating rule Test-OSPingSQLServer...
01/26/2018 22:59:23						INFO	Evaluating rule Test-OSPowerPlan...
01/26/2018 22:59:23						INFO	Evaluating rule Test-OSProcessRunning...
01/26/2018 22:59:25						INFO	Evaluating rule Test-OSServiceRunning...
01/26/2018 22:59:25						INFO	Evaluating rule Test-OSVolumeProperties...
01/26/2018 22:59:25						INFO	Evaluating rule Test-SRxLogSize...
01/26/2018 22:59:25						INFO	Evaluating rule Test-SSAAdminCompSync...
01/26/2018 22:59:26						INFO	Evaluating rule Test-SSAComponentState...
01/26/2018 22:59:27						INFO	Evaluating rule Test-SSAContentSourceSummary...
01/26/2018 22:59:27						INFO	Evaluating rule Test-SSACrawlNotStuckStarting...
01/26/2018 22:59:27						INFO	Evaluating rule Test-SSACrawlPerformanceLevel...
01/26/2018 22:59:27						INFO	Evaluating rule Test-SSADatabaseSizingLimits...
01/26/2018 22:59:28						INFO	Evaluating rule Test-SSAEndPointAdminWeb...
01/26/2018 22:59:29						INFO	Evaluating rule Test-SSAEndPointSQSS...
01/26/2018 22:59:29						INFO	Evaluating rule Test-SSAHasMultiAdminComps...
01/26/2018 22:59:29						INFO	Evaluating rule Test-SSAIndexDiskReports...
01/26/2018 22:59:30						INFO	Evaluating rule Test-SSAIndexDocumentCount...
01/26/2018 22:59:31						INFO	Evaluating rule Test-SSAIsOnline...
01/26/2018 22:59:31						INFO	Evaluating rule Test-SSANoServerIdMismatch...
01/26/2018 22:59:31						INFO	Evaluating rule Test-SSANoTopoChangeOccurring...
01/26/2018 22:59:31						INFO	Evaluating rule Test-SSANotPaused...
01/26/2018 22:59:31						INFO	Evaluating rule Test-SSASchemaProperties...
01/26/2018 22:59:31						INFO	Test(s) finished in Time: [0:0:18.890]
01/27/2018 11:45:44						INFO	Evaluating rule Test-AzureADSync...
01/27/2018 11:45:44						INFO	-skipped-> 
This rule only applies to a Cloud SSA
01/27/2018 11:45:44						INFO	Evaluating rule Test-AzureADUserPasswordSync...
01/27/2018 11:45:44						INFO	-skipped-> 
This rule only applies to a Cloud SSA
01/27/2018 11:45:44						INFO	Evaluating rule Test-Farm...
01/27/2018 11:45:44						INFO	Evaluating rule Test-FarmAdminSyncTimerJob...
01/27/2018 11:45:44						INFO	Evaluating rule Test-FarmCoreServiceProxies...
01/27/2018 11:45:45						INFO	Evaluating rule Test-FarmDefaultSSAProxy...
01/27/2018 11:45:45						INFO	Evaluating rule Test-FarmServiceInstances...
01/27/2018 11:45:45						INFO	Evaluating rule Test-FarmSSAName...
01/27/2018 11:45:45						INFO	Evaluating rule Test-FarmULSLogging...
01/27/2018 11:45:45						INFO	Evaluating rule Test-MsolServicePrincipalCred...
01/27/2018 11:45:45						INFO	-skipped-> 
This rule only applies to a Cloud SSA
01/27/2018 11:45:45						INFO	Evaluating rule Test-MsolUsers...
01/27/2018 11:45:45						INFO	-skipped-> 
This rule only applies to a Cloud SSA
01/27/2018 11:45:45						INFO	Evaluating rule Test-OSPingSearchServer...
01/27/2018 11:45:45						INFO	Evaluating rule Test-OSPingSQLServer...
01/27/2018 11:45:49						INFO	Evaluating rule Test-OSPowerPlan...
01/27/2018 11:45:49						INFO	Evaluating rule Test-OSProcessRunning...
01/27/2018 11:45:50						INFO	Evaluating rule Test-OSServiceRunning...
01/27/2018 11:45:50						INFO	Evaluating rule Test-OSVolumeProperties...
01/27/2018 11:45:50						INFO	Evaluating rule Test-SRxLogSize...
01/27/2018 11:45:50						INFO	Evaluating rule Test-SSAAdminCompSync...
01/27/2018 11:45:51						INFO	Evaluating rule Test-SSAComponentState...
01/27/2018 11:45:51						INFO	Evaluating rule Test-SSAContentSourceSummary...
01/27/2018 11:45:52						INFO	Evaluating rule Test-SSACrawlNotStuckStarting...
01/27/2018 11:45:52						INFO	Evaluating rule Test-SSACrawlPerformanceLevel...
01/27/2018 11:45:52						INFO	Evaluating rule Test-SSADatabaseSizingLimits...
01/27/2018 11:45:53						INFO	Evaluating rule Test-SSAEndPointAdminWeb...
01/27/2018 11:45:54						INFO	Evaluating rule Test-SSAEndPointSQSS...
01/27/2018 11:45:54						INFO	Evaluating rule Test-SSAHasMultiAdminComps...
01/27/2018 11:45:55						INFO	Evaluating rule Test-SSAIndexDiskReports...
01/27/2018 11:45:55						INFO	 * Enabling extended Index diagnostics on $xSSA...
01/27/2018 11:45:56						INFO	Evaluating rule Test-SSAIndexDocumentCount...
01/27/2018 11:45:56						INFO	Evaluating rule Test-SSAIsOnline...
01/27/2018 11:45:56						INFO	Evaluating rule Test-SSANoServerIdMismatch...
01/27/2018 11:45:56						INFO	Evaluating rule Test-SSANoTopoChangeOccurring...
01/27/2018 11:45:56						INFO	Evaluating rule Test-SSANotPaused...
01/27/2018 11:45:56						INFO	Evaluating rule Test-SSASchemaProperties...
01/27/2018 11:45:56						INFO	Test(s) finished in Time: [0:0:12.734]
01/27/2018 11:46:58						INFO	Evaluating rule Test-AzureADSync...
01/27/2018 11:46:58						INFO	-skipped-> 
This rule only applies to a Cloud SSA
01/27/2018 11:46:58						INFO	Evaluating rule Test-AzureADUserPasswordSync...
01/27/2018 11:46:58						INFO	-skipped-> 
This rule only applies to a Cloud SSA
01/27/2018 11:46:58						INFO	Evaluating rule Test-Farm...
01/27/2018 11:46:58						INFO	Evaluating rule Test-FarmAdminSyncTimerJob...
01/27/2018 11:46:59						INFO	Evaluating rule Test-FarmCoreServiceProxies...
01/27/2018 11:46:59						INFO	Evaluating rule Test-FarmDefaultSSAProxy...
01/27/2018 11:46:59						INFO	Evaluating rule Test-FarmServiceInstances...
01/27/2018 11:47:00						INFO	Evaluating rule Test-FarmSSAName...
01/27/2018 11:47:00						INFO	Evaluating rule Test-FarmULSLogging...
01/27/2018 11:47:00						INFO	Evaluating rule Test-MsolServicePrincipalCred...
01/27/2018 11:47:00						INFO	-skipped-> 
This rule only applies to a Cloud SSA
01/27/2018 11:47:00						INFO	Evaluating rule Test-MsolUsers...
01/27/2018 11:47:00						INFO	-skipped-> 
This rule only applies to a Cloud SSA
01/27/2018 11:47:00						INFO	Evaluating rule Test-OSPingSearchServer...
01/27/2018 11:47:00						INFO	Evaluating rule Test-OSPingSQLServer...
01/27/2018 11:47:00						INFO	Evaluating rule Test-OSPowerPlan...
01/27/2018 11:47:00						INFO	Evaluating rule Test-OSProcessRunning...
01/27/2018 11:47:01						INFO	Evaluating rule Test-OSServiceRunning...
01/27/2018 11:47:01						INFO	Evaluating rule Test-OSVolumeProperties...
01/27/2018 11:47:01						INFO	Evaluating rule Test-SRxLogSize...
01/27/2018 11:47:01						INFO	Evaluating rule Test-SSAAdminCompSync...
01/27/2018 11:47:02						INFO	Evaluating rule Test-SSAComponentState...
01/27/2018 11:47:02						INFO	Evaluating rule Test-SSAContentSourceSummary...
01/27/2018 11:47:02						INFO	Evaluating rule Test-SSACrawlNotStuckStarting...
01/27/2018 11:47:02						INFO	Evaluating rule Test-SSACrawlPerformanceLevel...
01/27/2018 11:47:02						INFO	Evaluating rule Test-SSADatabaseSizingLimits...
01/27/2018 11:47:03						INFO	Evaluating rule Test-SSAEndPointAdminWeb...
01/27/2018 11:47:04						INFO	Evaluating rule Test-SSAEndPointSQSS...
01/27/2018 11:47:04						INFO	Evaluating rule Test-SSAHasMultiAdminComps...
01/27/2018 11:47:04						INFO	Evaluating rule Test-SSAIndexDiskReports...
01/27/2018 11:47:04						INFO	 * Enabling extended Index diagnostics on $xSSA...
01/27/2018 11:47:05						INFO	Evaluating rule Test-SSAIndexDocumentCount...
01/27/2018 11:47:05						INFO	Evaluating rule Test-SSAIsOnline...
01/27/2018 11:47:05						INFO	Evaluating rule Test-SSANoServerIdMismatch...
01/27/2018 11:47:05						INFO	Evaluating rule Test-SSANoTopoChangeOccurring...
01/27/2018 11:47:05						INFO	Evaluating rule Test-SSANotPaused...
01/27/2018 11:47:05						INFO	Evaluating rule Test-SSASchemaProperties...
01/27/2018 11:47:05						INFO	Test(s) finished in Time: [0:0:7.312]
