05/09/2018 23:17:51						INFO	[initSRx] Current log file: 
E:\scripts\Infrastructure\Search\SRx\var\log\Session\SRx-20180509231751-8916.log
05/09/2018 23:17:51						INFO	[initSRx] Appending the Scripts folder (E:\scripts\Infrastructure\Search\SRx\lib\Scripts) to $ENV:Path
05/09/2018 23:17:51						INFO	[initSRx] Appending the Tools folder (E:\scripts\Infrastructure\Search\SRx\lib\Tools) to $ENV:Path
05/09/2018 23:17:51						INFO	[initSRx] SharePoint PowerShell Snapin already loaded
05/09/2018 23:17:52						INFO	[initSRx] Checking Modules in E:\scripts\Infrastructure\Search\SRx\Modules\Core
05/09/2018 23:17:52						INFO	 > Loading: ConvertTo-SRxFlatObject
05/09/2018 23:17:52						INFO	 > Loading: ConvertTo-SRxXML
05/09/2018 23:17:52						INFO	 > Loading: Enable-SRxCoreUtilities
05/09/2018 23:17:52						INFO	 > Loading: Enable-SRxDatabaseUtilities
05/09/2018 23:17:52						INFO	 > Loading: Enable-SRxRemoteUtilities
05/09/2018 23:17:52						INFO	 > Loading: Enable-SRxULSLogParser
05/09/2018 23:17:52						INFO	 > Loading: Enable-SRxULSUtilities
05/09/2018 23:17:52						INFO	 > Loading: New-SRxReport
05/09/2018 23:17:52						INFO	 > Loading: Test-SRx
05/09/2018 23:17:52						INFO	 > Loading: Write-SRxConsole
05/09/2018 23:17:52						INFO	[initSRx] Checking Modules in E:\scripts\Infrastructure\Search\SRx\Modules\SP2013
05/09/2018 23:17:52						INFO	 > Loading: Get-SRxFarm
05/09/2018 23:17:52						INFO	[initSRx] Checking Modules in E:\scripts\Infrastructure\Search\SRx\Modules\Search
05/09/2018 23:17:52						INFO	 > Loading: Enable-SRxCloudDiag
05/09/2018 23:17:52						INFO	 > Loading: Enable-SRxCrawlDiag
05/09/2018 23:17:52						INFO	 > Loading: Enable-SRxIndexDiag
05/09/2018 23:17:52						INFO	 > Loading: Enable-SRxIndexerHandles
05/09/2018 23:17:52						INFO	 > Loading: Enable-SRxQueryDiag
05/09/2018 23:17:52						INFO	 > Loading: Enable-SRxSearchFarmDiag
05/09/2018 23:17:52						INFO	 > Loading: Get-SRxSSA
05/09/2018 23:17:52						INFO	 > Loading: New-SRxSearchServerObject
05/09/2018 23:17:53						INFO	Running: 
$global:xFarm = Get-SRxFarm
05/09/2018 23:17:53						INFO	Running: 
$global:xSSA = Get-SRxSSA | Enable-SRxCrawlDiag | Enable-SRxQueryDiag | Enable-SRxIndexDiag
05/09/2018 23:17:53						INFO	[Get-SRxSSA] Extending $xSSA with core methods and properties
05/09/2018 23:17:58						INFO	[Get-SRxSSA] Extending SRx Server objects...
05/09/2018 23:18:00						INFO	[Get-SRxSSA] Extending SRx Components...
05/09/2018 23:18:01						INFO	 * [Enable-SRxCrawlDiag] Extending $xSSA...
05/09/2018 23:18:01						INFO	 * [Enable-SRxQueryDiag] Extending $xSSA...
05/09/2018 23:18:01						INFO	 * [Enable-SRxIndexDiag] Extending $xSSA...
05/09/2018 23:18:02						INFO	Search Health Reports Dashboard (SRx)
05/09/2018 23:20:38						INFO	Evaluating rule Test-AzureADSync...
05/09/2018 23:20:38						INFO	-skipped-> 
This rule only applies to a Cloud SSA
05/09/2018 23:20:39						INFO	Evaluating rule Test-AzureADUserPasswordSync...
05/09/2018 23:20:39						INFO	-skipped-> 
This rule only applies to a Cloud SSA
05/09/2018 23:20:39						INFO	Evaluating rule Test-Farm...
05/09/2018 23:20:39						INFO	Evaluating rule Test-FarmAdminSyncTimerJob...
05/09/2018 23:20:40						INFO	Evaluating rule Test-FarmCoreServiceProxies...
05/09/2018 23:20:41						INFO	Evaluating rule Test-FarmDefaultSSAProxy...
05/09/2018 23:20:41						INFO	Evaluating rule Test-FarmServiceInstances...
05/09/2018 23:20:41						INFO	 * Enabling Search Farm diagnostics on $xFarm...
05/09/2018 23:20:42						INFO	Evaluating rule Test-FarmSSAName...
05/09/2018 23:20:42						INFO	Evaluating rule Test-FarmULSLogging...
05/09/2018 23:20:42						INFO	Evaluating rule Test-MsolServicePrincipalCred...
05/09/2018 23:20:42						INFO	-skipped-> 
This rule only applies to a Cloud SSA
05/09/2018 23:20:42						INFO	Evaluating rule Test-MsolUsers...
05/09/2018 23:20:42						INFO	-skipped-> 
This rule only applies to a Cloud SSA
05/09/2018 23:20:42						INFO	Evaluating rule Test-OSPingSearchServer...
05/09/2018 23:20:42						INFO	Evaluating rule Test-OSPingSQLServer...
05/09/2018 23:20:46						INFO	Evaluating rule Test-OSPowerPlan...
05/09/2018 23:20:46						INFO	 * [Get-SRxServerSpecs (
AZUSPEWEB02
)] 
05/09/2018 23:20:46						INFO	Retrieving Server Specs...
05/09/2018 23:20:48						INFO	 * [Get-SRxSearchRegKeys (
AZUSPEWEB02
)] 
05/09/2018 23:20:48						INFO	Retrieving Search-related registry keys...
05/09/2018 23:20:48						INFO	 * [Get-SRxServerSpecs (
AZUSPESRC02
)] 
05/09/2018 23:20:48						INFO	Retrieving Server Specs...
05/09/2018 23:20:49						INFO	 * [Get-SRxSearchRegKeys (
AZUSPESRC02
)] 
05/09/2018 23:20:49						INFO	Retrieving Search-related registry keys...
05/09/2018 23:20:49						INFO	 * [Get-SRxServerSpecs (
AZUSPESRC01
)] 
05/09/2018 23:20:49						INFO	Retrieving Server Specs...
05/09/2018 23:20:49						INFO	 * [Get-SRxSearchRegKeys (
AZUSPESRC01
)] 
05/09/2018 23:20:49						INFO	Retrieving Search-related registry keys...
05/09/2018 23:20:50						INFO	 * [Get-SRxServerSpecs (
AZUSPEWEB01
)] 
05/09/2018 23:20:50						INFO	Retrieving Server Specs...
05/09/2018 23:20:51						INFO	 * [Get-SRxSearchRegKeys (
AZUSPEWEB01
)] 
05/09/2018 23:20:51						INFO	Retrieving Search-related registry keys...
05/09/2018 23:20:51						INFO	Evaluating rule Test-OSProcessRunning...
05/09/2018 23:20:52						INFO	Evaluating rule Test-OSServiceRunning...
05/09/2018 23:20:52						INFO	Evaluating rule Test-OSVolumeProperties...
05/09/2018 23:20:53						INFO	Evaluating rule Test-SRxLogSize...
05/09/2018 23:20:53						INFO	Evaluating rule Test-SSAAdminCompSync...
05/09/2018 23:20:53						INFO	Evaluating rule Test-SSAComponentState...
05/09/2018 23:20:54						INFO	Evaluating rule Test-SSAContentSourceSummary...
05/09/2018 23:20:54						INFO	 * Enabling extended Crawl diagnostics on $xSSA...
05/09/2018 23:20:55						INFO	Evaluating rule Test-SSACrawlNotStuckStarting...
05/09/2018 23:20:56						INFO	Evaluating rule Test-SSACrawlPerformanceLevel...
05/09/2018 23:20:56						INFO	Evaluating rule Test-SSADatabaseSizingLimits...
05/09/2018 23:21:11						WARNING	~~~[Invoke-SRxSQLQuery] SqlDataAdapter.Fill() threw an error: Exception calling "Fill" with "1" argument(s): "Cannot open database "PORTAL_PROD_Search_AnalyticsReportingStore" requested by the login. The login failed.
Login failed for user 'MOC_w2k\svc_PRDSP_Farm'."
05/09/2018 23:21:26						WARNING	~~~[Invoke-SRxSQLQuery] SqlDataAdapter.Fill() threw an error: Exception calling "Fill" with "1" argument(s): "Cannot open database "PORTAL_PROD_Search_AnalyticsReportingStore" requested by the login. The login failed.
Login failed for user 'MOC_w2k\svc_PRDSP_Farm'."
05/09/2018 23:21:26						ERROR	==============================================================
05/09/2018 23:21:26						ERROR	Caught exception while evaluating Test-SSADatabaseSizingLimits
05/09/2018 23:21:26						ERROR	Exception: You cannot call a method on a null-valued expression.
05/09/2018 23:21:26						ERROR	--------------------------------------------------------------
05/09/2018 23:21:26						ERROR	At E:\scripts\Infrastructure\Search\SRx\lib\Tests\Core\Test-SSADatabaseSizingLimits.ps1:57 char:5
+     $s = $Size.Trim()
+     ~~~~~~~~~~~~~~~~~
05/09/2018 23:21:26						ERROR	System.Management.Automation.RuntimeException: You cannot call a method on a null-valued expression.
   at System.Management.Automation.ExceptionHandlingOps.CheckActionPreference(FunctionContext funcContext, Exception exception)
   at lambda_method(Closure , Object[] , StrongBox`1[] , InterpretedFrame )
05/09/2018 23:21:26						ERROR	==============================================================
05/09/2018 23:21:26						INFO	Evaluating rule Test-SSAEndPointAdminWeb...
05/09/2018 23:22:07						INFO	Evaluating rule Test-SSAEndPointSQSS...
05/09/2018 23:22:07						INFO	Evaluating rule Test-SSAHasMultiAdminComps...
05/09/2018 23:22:07						INFO	Evaluating rule Test-SSAIndexDiskReports...
05/09/2018 23:22:07						INFO	 * Enabling extended Index diagnostics on $xSSA...
05/09/2018 23:22:12						INFO	Evaluating rule Test-SSAIndexDocumentCount...
05/09/2018 23:22:13						INFO	Evaluating rule Test-SSAIsOnline...
05/09/2018 23:22:13						INFO	Evaluating rule Test-SSANoServerIdMismatch...
05/09/2018 23:22:13						INFO	Evaluating rule Test-SSANoTopoChangeOccurring...
05/09/2018 23:22:13						INFO	Evaluating rule Test-SSANotPaused...
05/09/2018 23:22:13						INFO	Evaluating rule Test-SSASchemaProperties...
05/09/2018 23:22:13						INFO	Test(s) finished in Time: [0:1:34.688]
05/09/2018 23:29:05						INFO	Evaluating rule Test-AzureADSync...
05/09/2018 23:29:05						INFO	-skipped-> 
This rule only applies to a Cloud SSA
05/09/2018 23:29:05						INFO	Evaluating rule Test-AzureADUserPasswordSync...
05/09/2018 23:29:05						INFO	-skipped-> 
This rule only applies to a Cloud SSA
05/09/2018 23:29:05						INFO	Evaluating rule Test-Farm...
05/09/2018 23:29:05						INFO	Evaluating rule Test-FarmAdminSyncTimerJob...
05/09/2018 23:29:06						INFO	Evaluating rule Test-FarmCoreServiceProxies...
05/09/2018 23:29:06						INFO	Evaluating rule Test-FarmDefaultSSAProxy...
05/09/2018 23:29:06						INFO	Evaluating rule Test-FarmServiceInstances...
05/09/2018 23:29:07						INFO	Evaluating rule Test-FarmSSAName...
05/09/2018 23:29:07						INFO	Evaluating rule Test-FarmULSLogging...
05/09/2018 23:29:07						INFO	Evaluating rule Test-MsolServicePrincipalCred...
05/09/2018 23:29:07						INFO	-skipped-> 
This rule only applies to a Cloud SSA
05/09/2018 23:29:07						INFO	Evaluating rule Test-MsolUsers...
05/09/2018 23:29:07						INFO	-skipped-> 
This rule only applies to a Cloud SSA
05/09/2018 23:29:07						INFO	Evaluating rule Test-OSPingSearchServer...
05/09/2018 23:29:07						INFO	Evaluating rule Test-OSPingSQLServer...
05/09/2018 23:29:11						INFO	Evaluating rule Test-OSPowerPlan...
05/09/2018 23:29:11						INFO	Evaluating rule Test-OSProcessRunning...
05/09/2018 23:29:12						INFO	Evaluating rule Test-OSServiceRunning...
05/09/2018 23:29:12						INFO	Evaluating rule Test-OSVolumeProperties...
05/09/2018 23:29:12						INFO	Evaluating rule Test-SRxLogSize...
05/09/2018 23:29:12						INFO	Evaluating rule Test-SSAAdminCompSync...
05/09/2018 23:29:13						INFO	Evaluating rule Test-SSAComponentState...
05/09/2018 23:29:13						INFO	Evaluating rule Test-SSAContentSourceSummary...
05/09/2018 23:29:14						INFO	Evaluating rule Test-SSACrawlNotStuckStarting...
05/09/2018 23:29:14						INFO	Evaluating rule Test-SSACrawlPerformanceLevel...
05/09/2018 23:29:14						INFO	Evaluating rule Test-SSADatabaseSizingLimits...
05/09/2018 23:29:15						INFO	Evaluating rule Test-SSAEndPointAdminWeb...
05/09/2018 23:29:15						INFO	Evaluating rule Test-SSAEndPointSQSS...
05/09/2018 23:29:15						INFO	Evaluating rule Test-SSAHasMultiAdminComps...
05/09/2018 23:29:15						INFO	Evaluating rule Test-SSAIndexDiskReports...
05/09/2018 23:29:15						INFO	 * Enabling extended Index diagnostics on $xSSA...
05/09/2018 23:29:16						INFO	Evaluating rule Test-SSAIndexDocumentCount...
05/09/2018 23:29:17						INFO	Evaluating rule Test-SSAIsOnline...
05/09/2018 23:29:17						INFO	Evaluating rule Test-SSANoServerIdMismatch...
05/09/2018 23:29:17						INFO	Evaluating rule Test-SSANoTopoChangeOccurring...
05/09/2018 23:29:17						INFO	Evaluating rule Test-SSANotPaused...
05/09/2018 23:29:17						INFO	Evaluating rule Test-SSASchemaProperties...
05/09/2018 23:29:17						INFO	Test(s) finished in Time: [0:0:12.296]
