01/23/2018 12:36:02						INFO	[initSRx] Current log file: 
E:\Scripts\Infrastructure\Search\SRx\var\log\Session\SRx-20180123123602-8668.log
01/23/2018 12:36:02						INFO	[initSRx] Appending the Scripts folder (E:\Scripts\Infrastructure\Search\SRx\lib\Scripts) to $ENV:Path
01/23/2018 12:36:02						INFO	[initSRx] Temporary SRx Storage: E:\Scripts\Infrastructure\Search\SRx\var\tmp
01/23/2018 12:36:02						INFO	[initSRx] Appending the Tools folder (E:\Scripts\Infrastructure\Search\SRx\lib\Tools) to $ENV:Path
01/23/2018 12:36:02						INFO	[initSRx] SharePoint PowerShell Snapin already loaded
01/23/2018 12:36:02						INFO	[initSRx] Checking Modules in E:\Scripts\Infrastructure\Search\SRx\Modules\Core
01/23/2018 12:36:02						INFO	 > Loading: ConvertTo-SRxFlatObject
01/23/2018 12:36:03						INFO	 > Loading: ConvertTo-SRxXML
01/23/2018 12:36:03						INFO	 > Loading: Enable-SRxCoreUtilities
01/23/2018 12:36:03						INFO	 > Loading: Enable-SRxDatabaseUtilities
01/23/2018 12:36:03						INFO	 > Loading: Enable-SRxRemoteUtilities
01/23/2018 12:36:03						INFO	 > Loading: Enable-SRxULSLogParser
01/23/2018 12:36:03						INFO	 > Loading: Enable-SRxULSUtilities
01/23/2018 12:36:03						INFO	 > Loading: New-SRxReport
01/23/2018 12:36:03						INFO	 > Loading: Test-SRx
01/23/2018 12:36:03						INFO	 > Loading: Write-SRxConsole
01/23/2018 12:36:03						INFO	[initSRx] Checking Modules in E:\Scripts\Infrastructure\Search\SRx\Modules\SP2013
01/23/2018 12:36:03						INFO	 > Loading: Get-SRxFarm
01/23/2018 12:36:03						INFO	[initSRx] Checking Modules in E:\Scripts\Infrastructure\Search\SRx\Modules\Search
01/23/2018 12:36:03						INFO	 > Loading: Enable-SRxCloudDiag
01/23/2018 12:36:03						INFO	 > Loading: Enable-SRxCrawlDiag
01/23/2018 12:36:03						INFO	 > Loading: Enable-SRxIndexDiag
01/23/2018 12:36:03						INFO	 > Loading: Enable-SRxIndexerHandles
01/23/2018 12:36:03						INFO	 > Loading: Enable-SRxQueryDiag
01/23/2018 12:36:03						INFO	 > Loading: Enable-SRxSearchFarmDiag
01/23/2018 12:36:03						INFO	 > Loading: Get-SRxSSA
01/23/2018 12:36:03						INFO	 > Loading: New-SRxSearchServerObject
01/23/2018 12:36:03						INFO	Running: 
$global:xFarm = Get-SRxFarm
01/23/2018 12:36:03						INFO	Running: 
$global:xSSA = Get-SRxSSA | Enable-SRxCrawlDiag | Enable-SRxQueryDiag | Enable-SRxIndexDiag
01/23/2018 12:36:04						INFO	[Get-SRxSSA] Extending $xSSA with core methods and properties
01/23/2018 12:36:04						INFO	[Get-SRxSSA] Extending SRx Server objects...
01/23/2018 12:36:05						INFO	[Get-SRxSSA] Extending SRx Components...
01/23/2018 12:36:06						INFO	 * [Enable-SRxCrawlDiag] Extending $xSSA...
01/23/2018 12:36:06						INFO	 * [Enable-SRxQueryDiag] Extending $xSSA...
01/23/2018 12:36:06						INFO	 * [Enable-SRxIndexDiag] Extending $xSSA...
01/23/2018 12:36:07						INFO	Search Health Reports Dashboard (SRx)
01/23/2018 12:37:41						INFO	Evaluating rule Test-AzureADSync...
01/23/2018 12:37:41						INFO	-skipped-> 
This rule only applies to a Cloud SSA
01/23/2018 12:37:41						INFO	Evaluating rule Test-AzureADUserPasswordSync...
01/23/2018 12:37:41						INFO	-skipped-> 
This rule only applies to a Cloud SSA
01/23/2018 12:37:41						INFO	Evaluating rule Test-Farm...
01/23/2018 12:37:42						INFO	Evaluating rule Test-FarmAdminSyncTimerJob...
01/23/2018 12:37:42						INFO	Evaluating rule Test-FarmCoreServiceProxies...
01/23/2018 12:37:43						INFO	Evaluating rule Test-FarmDefaultSSAProxy...
01/23/2018 12:37:43						INFO	Evaluating rule Test-FarmServiceInstances...
01/23/2018 12:37:43						INFO	 * Enabling Search Farm diagnostics on $xFarm...
01/23/2018 12:37:43						INFO	Evaluating rule Test-FarmSSAName...
01/23/2018 12:37:43						INFO	Evaluating rule Test-FarmULSLogging...
01/23/2018 12:37:44						INFO	Evaluating rule Test-MsolServicePrincipalCred...
01/23/2018 12:37:44						INFO	-skipped-> 
This rule only applies to a Cloud SSA
01/23/2018 12:37:44						INFO	Evaluating rule Test-MsolUsers...
01/23/2018 12:37:44						INFO	-skipped-> 
This rule only applies to a Cloud SSA
01/23/2018 12:37:44						INFO	Evaluating rule Test-OSPingSearchServer...
01/23/2018 12:37:44						INFO	Evaluating rule Test-OSPingSQLServer...
01/23/2018 12:37:48						INFO	Evaluating rule Test-OSPowerPlan...
01/23/2018 12:37:48						INFO	 * [Get-SRxServerSpecs (
AZUSPEWEB02
)] 
01/23/2018 12:37:48						INFO	Retrieving Server Specs...
01/23/2018 12:37:49						INFO	 * [Get-SRxSearchRegKeys (
AZUSPEWEB02
)] 
01/23/2018 12:37:49						INFO	Retrieving Search-related registry keys...
01/23/2018 12:37:50						INFO	 * [Get-SRxServerSpecs (
AZUSPESRC02
)] 
01/23/2018 12:37:50						INFO	Retrieving Server Specs...
01/23/2018 12:37:50						INFO	 * [Get-SRxSearchRegKeys (
AZUSPESRC02
)] 
01/23/2018 12:37:50						INFO	Retrieving Search-related registry keys...
01/23/2018 12:37:50						INFO	 * [Get-SRxServerSpecs (
AZUSPESRC01
)] 
01/23/2018 12:37:50						INFO	Retrieving Server Specs...
01/23/2018 12:37:51						INFO	 * [Get-SRxSearchRegKeys (
AZUSPESRC01
)] 
01/23/2018 12:37:51						INFO	Retrieving Search-related registry keys...
01/23/2018 12:37:51						INFO	 * [Get-SRxServerSpecs (
AZUSPEWEB01
)] 
01/23/2018 12:37:51						INFO	Retrieving Server Specs...
01/23/2018 12:37:52						INFO	 * [Get-SRxSearchRegKeys (
AZUSPEWEB01
)] 
01/23/2018 12:37:52						INFO	Retrieving Search-related registry keys...
01/23/2018 12:37:52						INFO	Evaluating rule Test-OSProcessRunning...
01/23/2018 12:37:53						INFO	Evaluating rule Test-OSServiceRunning...
01/23/2018 12:37:54						INFO	Evaluating rule Test-OSVolumeProperties...
01/23/2018 12:37:54						INFO	Evaluating rule Test-SRxLogSize...
01/23/2018 12:37:54						INFO	Evaluating rule Test-SSAAdminCompSync...
01/23/2018 12:37:54						INFO	Evaluating rule Test-SSAComponentState...
01/23/2018 12:37:56						INFO	Evaluating rule Test-SSAContentSourceSummary...
01/23/2018 12:37:56						INFO	 * Enabling extended Crawl diagnostics on $xSSA...
01/23/2018 12:37:56						INFO	Evaluating rule Test-SSACrawlNotStuckStarting...
01/23/2018 12:37:56						INFO	Testing Crawl...
01/23/2018 12:37:56						INFO	[default] Status is: 9
01/23/2018 12:37:56						INFO	Testing Crawl...
01/23/2018 12:37:56						INFO	[default] Status is: 9
01/23/2018 12:37:57						INFO	Evaluating rule Test-SSACrawlPerformanceLevel...
01/23/2018 12:37:57						INFO	Evaluating rule Test-SSADatabaseSizingLimits...
01/23/2018 12:37:59						INFO	Evaluating rule Test-SSAEndPointAdminWeb...
01/23/2018 12:38:43						INFO	Evaluating rule Test-SSAEndPointSQSS...
01/23/2018 12:38:44						INFO	Evaluating rule Test-SSAHasMultiAdminComps...
01/23/2018 12:38:44						INFO	Evaluating rule Test-SSAIndexDiskReports...
01/23/2018 12:38:44						INFO	 * Enabling extended Index diagnostics on $xSSA...
01/23/2018 12:38:50						INFO	Evaluating rule Test-SSAIndexDocumentCount...
01/23/2018 12:38:50						INFO	Evaluating rule Test-SSAIsOnline...
01/23/2018 12:38:51						INFO	Evaluating rule Test-SSANoServerIdMismatch...
01/23/2018 12:38:51						INFO	Evaluating rule Test-SSANoTopoChangeOccurring...
01/23/2018 12:38:51						INFO	Evaluating rule Test-SSANotPaused...
01/23/2018 12:38:51						INFO	Evaluating rule Test-SSASchemaProperties...
01/23/2018 12:38:51						INFO	Test(s) finished in Time: [0:1:9.690]
01/23/2018 12:42:32						INFO	Evaluating rule Test-AzureADSync...
01/23/2018 12:42:33						INFO	-skipped-> 
This rule only applies to a Cloud SSA
01/23/2018 12:42:33						INFO	Evaluating rule Test-AzureADUserPasswordSync...
01/23/2018 12:42:33						INFO	-skipped-> 
This rule only applies to a Cloud SSA
01/23/2018 12:42:33						INFO	Evaluating rule Test-Farm...
01/23/2018 12:42:33						INFO	Evaluating rule Test-FarmAdminSyncTimerJob...
01/23/2018 12:42:34						INFO	Evaluating rule Test-FarmCoreServiceProxies...
01/23/2018 12:42:34						INFO	Evaluating rule Test-FarmDefaultSSAProxy...
01/23/2018 12:42:34						INFO	Evaluating rule Test-FarmServiceInstances...
01/23/2018 12:42:35						INFO	Evaluating rule Test-FarmSSAName...
01/23/2018 12:42:35						INFO	Evaluating rule Test-FarmULSLogging...
01/23/2018 12:42:35						INFO	Evaluating rule Test-MsolServicePrincipalCred...
01/23/2018 12:42:35						INFO	-skipped-> 
This rule only applies to a Cloud SSA
01/23/2018 12:42:35						INFO	Evaluating rule Test-MsolUsers...
01/23/2018 12:42:35						INFO	-skipped-> 
This rule only applies to a Cloud SSA
01/23/2018 12:42:35						INFO	Evaluating rule Test-OSPingSearchServer...
01/23/2018 12:42:35						INFO	Evaluating rule Test-OSPingSQLServer...
01/23/2018 12:42:39						INFO	Evaluating rule Test-OSPowerPlan...
01/23/2018 12:42:39						INFO	Evaluating rule Test-OSProcessRunning...
01/23/2018 12:42:40						INFO	Evaluating rule Test-OSServiceRunning...
01/23/2018 12:42:40						INFO	Evaluating rule Test-OSVolumeProperties...
01/23/2018 12:42:40						INFO	Evaluating rule Test-SRxLogSize...
01/23/2018 12:42:40						INFO	Evaluating rule Test-SSAAdminCompSync...
01/23/2018 12:42:40						INFO	Evaluating rule Test-SSAComponentState...
01/23/2018 12:42:41						INFO	Evaluating rule Test-SSAContentSourceSummary...
01/23/2018 12:42:41						INFO	Evaluating rule Test-SSACrawlNotStuckStarting...
01/23/2018 12:42:41						INFO	Testing Crawl...
01/23/2018 12:42:41						INFO	[default] Status is: 9
01/23/2018 12:42:41						INFO	Testing Crawl...
01/23/2018 12:42:41						INFO	[default] Status is: 9
01/23/2018 12:42:41						INFO	Evaluating rule Test-SSACrawlPerformanceLevel...
01/23/2018 12:42:41						INFO	Evaluating rule Test-SSADatabaseSizingLimits...
01/23/2018 12:42:43						INFO	Evaluating rule Test-SSAEndPointAdminWeb...
01/23/2018 12:42:43						INFO	Evaluating rule Test-SSAEndPointSQSS...
01/23/2018 12:42:43						INFO	Evaluating rule Test-SSAHasMultiAdminComps...
01/23/2018 12:42:43						INFO	Evaluating rule Test-SSAIndexDiskReports...
01/23/2018 12:42:45						INFO	Evaluating rule Test-SSAIndexDocumentCount...
01/23/2018 12:42:45						INFO	Evaluating rule Test-SSAIsOnline...
01/23/2018 12:42:45						INFO	Evaluating rule Test-SSANoServerIdMismatch...
01/23/2018 12:42:45						INFO	Evaluating rule Test-SSANoTopoChangeOccurring...
01/23/2018 12:42:45						INFO	Evaluating rule Test-SSANotPaused...
01/23/2018 12:42:45						INFO	Evaluating rule Test-SSASchemaProperties...
01/23/2018 12:42:46						INFO	Test(s) finished in Time: [0:0:13.52]
01/23/2018 12:44:05						INFO	Evaluating rule Test-AzureADSync...
01/23/2018 12:44:05						INFO	-skipped-> 
This rule only applies to a Cloud SSA
01/23/2018 12:44:05						INFO	Evaluating rule Test-AzureADUserPasswordSync...
01/23/2018 12:44:05						INFO	-skipped-> 
This rule only applies to a Cloud SSA
01/23/2018 12:44:05						INFO	Evaluating rule Test-Farm...
01/23/2018 12:44:05						INFO	Evaluating rule Test-FarmAdminSyncTimerJob...
01/23/2018 12:44:06						INFO	Evaluating rule Test-FarmCoreServiceProxies...
01/23/2018 12:44:06						INFO	Evaluating rule Test-FarmDefaultSSAProxy...
01/23/2018 12:44:06						INFO	Evaluating rule Test-FarmServiceInstances...
01/23/2018 12:44:07						INFO	Evaluating rule Test-FarmSSAName...
01/23/2018 12:44:07						INFO	Evaluating rule Test-FarmULSLogging...
01/23/2018 12:44:07						INFO	Evaluating rule Test-MsolServicePrincipalCred...
01/23/2018 12:44:07						INFO	-skipped-> 
This rule only applies to a Cloud SSA
01/23/2018 12:44:07						INFO	Evaluating rule Test-MsolUsers...
01/23/2018 12:44:07						INFO	-skipped-> 
This rule only applies to a Cloud SSA
01/23/2018 12:44:07						INFO	Evaluating rule Test-OSPingSearchServer...
01/23/2018 12:44:07						INFO	Evaluating rule Test-OSPingSQLServer...
01/23/2018 12:44:07						INFO	Evaluating rule Test-OSPowerPlan...
01/23/2018 12:44:07						INFO	Evaluating rule Test-OSProcessRunning...
01/23/2018 12:44:08						INFO	Evaluating rule Test-OSServiceRunning...
01/23/2018 12:44:08						INFO	Evaluating rule Test-OSVolumeProperties...
01/23/2018 12:44:08						INFO	Evaluating rule Test-SRxLogSize...
01/23/2018 12:44:08						INFO	Evaluating rule Test-SSAAdminCompSync...
01/23/2018 12:44:09						INFO	Evaluating rule Test-SSAComponentState...
01/23/2018 12:44:09						INFO	Evaluating rule Test-SSAContentSourceSummary...
01/23/2018 12:44:09						INFO	Evaluating rule Test-SSACrawlNotStuckStarting...
01/23/2018 12:44:09						INFO	Testing Crawl...
01/23/2018 12:44:09						INFO	[default] Status is: 9
01/23/2018 12:44:09						INFO	Testing Crawl...
01/23/2018 12:44:10						INFO	[default] Status is: 9
01/23/2018 12:44:10						INFO	Evaluating rule Test-SSACrawlPerformanceLevel...
01/23/2018 12:44:10						INFO	Evaluating rule Test-SSADatabaseSizingLimits...
01/23/2018 12:44:11						INFO	Evaluating rule Test-SSAEndPointAdminWeb...
01/23/2018 12:44:11						INFO	Evaluating rule Test-SSAEndPointSQSS...
01/23/2018 12:44:11						INFO	Evaluating rule Test-SSAHasMultiAdminComps...
01/23/2018 12:44:11						INFO	Evaluating rule Test-SSAIndexDiskReports...
01/23/2018 12:44:11						INFO	 * Enabling extended Index diagnostics on $xSSA...
01/23/2018 12:44:13						INFO	Evaluating rule Test-SSAIndexDocumentCount...
01/23/2018 12:44:13						INFO	Evaluating rule Test-SSAIsOnline...
01/23/2018 12:44:13						INFO	Evaluating rule Test-SSANoServerIdMismatch...
01/23/2018 12:44:13						INFO	Evaluating rule Test-SSANoTopoChangeOccurring...
01/23/2018 12:44:13						INFO	Evaluating rule Test-SSANotPaused...
01/23/2018 12:44:13						INFO	Evaluating rule Test-SSASchemaProperties...
01/23/2018 12:44:14						INFO	Test(s) finished in Time: [0:0:8.750]
